-------------------------------------------------------------------------------
Test set: gr.aueb.cf.schoolapp.dao.TeacherDAOImplTest
-------------------------------------------------------------------------------
Tests run: 6, Failures: 0, Errors: 1, Skipped: 0, Time elapsed: 1.364 s <<< FAILURE! - in gr.aueb.cf.schoolapp.dao.TeacherDAOImplTest
update  Time elapsed: 0.052 s  <<< ERROR!
java.lang.IndexOutOfBoundsException: Index 0 out of bounds for length 0
	at gr.aueb.cf.schoolapp.dao.TeacherDAOImplTest.update(TeacherDAOImplTest.java:56)

