<?xml version="1.0" encoding="UTF-8"?>
<testsuite xmlns:xsi="http://www.w3.org/2001/XMLSchema-instance" xsi:noNamespaceSchemaLocation="https://maven.apache.org/surefire/maven-surefire-plugin/xsd/surefire-test-report-3.0.xsd" version="3.0" name="gr.aueb.cf.schoolapp.dao.TeacherDAOImplTest" time="1.309" tests="5" errors="0" skipped="0" failures="0">
  <properties>
[...]
</properties>
  <testcase name="delete" classname="gr.aueb.cf.schoolapp.dao.TeacherDAOImplTest" time="0.161"/>
  <testcase name="update" classname="gr.aueb.cf.schoolapp.dao.TeacherDAOImplTest" time="0.052"/>
  <testcase name="persistAndGetTeacher" classname="gr.aueb.cf.schoolapp.dao.TeacherDAOImplTest" time="0.046"/>
  <testcase name="getById" classname="gr.aueb.cf.schoolapp.dao.TeacherDAOImplTest" time="0.043"/>
  <testcase name="getByLastname" classname="gr.aueb.cf.schoolapp.dao.TeacherDAOImplTest" time="0.05"/>
</testsuite>